<?xml version="1.0" encoding="UTF-8"?>
<robot generator="Robot 3.1 (Python 3.6.8 on darwin)" generated="20200928 15:42:26.894" rpa="false">
<suite id="s1" name="Comparator Data Driven" source="/Users/sameem/Desktop/Sameem/python_practice/weathercomparator/test/comparator_data_driven.robot">
<test id="s1-t1" name="For Bengaluru">
<kw name="Compare Temperature">
<arguments>
<arg>Bengaluru</arg>
<arg>IN</arg>
</arguments>
<kw name="Compare temperature for" library="comparator">
<arguments>
<arg>${CITY_NAME}</arg>
<arg>${COUNTRY_CODE}</arg>
</arguments>
<msg timestamp="20200928 15:42:27.466" level="INFO">Current google-chrome version is 85.0.4183</msg>
<msg timestamp="20200928 15:42:27.467" level="INFO">Get LATEST driver version for 85.0.4183</msg>
<msg timestamp="20200928 15:42:27.510" level="INFO">Driver [/Users/sameem/.wdm/drivers/chromedriver/mac64/85.0.4183.87/chromedriver] found in cache</msg>
<msg timestamp="20200928 15:42:51.174" level="INFO">True</msg>
<msg timestamp="20200928 15:42:51.174" level="INFO">[WDM] - Current google-chrome version is 85.0.4183
[WDM] - Get LATEST driver version for 85.0.4183
[WDM] - Driver [/Users/sameem/.wdm/drivers/chromedriver/mac64/85.0.4183.87/chromedriver] found in cache</msg>
<status status="PASS" starttime="20200928 15:42:27.353" endtime="20200928 15:42:51.174"></status>
</kw>
<status status="PASS" starttime="20200928 15:42:27.352" endtime="20200928 15:42:51.175"></status>
</kw>
<status status="PASS" starttime="20200928 15:42:27.350" endtime="20200928 15:42:51.175" critical="yes"></status>
</test>
<test id="s1-t2" name="For Bellary">
<kw name="Compare Temperature">
<arguments>
<arg>Bellary</arg>
<arg>IN</arg>
</arguments>
<kw name="Compare temperature for" library="comparator">
<arguments>
<arg>${CITY_NAME}</arg>
<arg>${COUNTRY_CODE}</arg>
</arguments>
<msg timestamp="20200928 15:42:51.266" level="INFO">Current google-chrome version is 85.0.4183</msg>
<msg timestamp="20200928 15:42:51.266" level="INFO">Get LATEST driver version for 85.0.4183</msg>
<msg timestamp="20200928 15:42:51.297" level="INFO">Driver [/Users/sameem/.wdm/drivers/chromedriver/mac64/85.0.4183.87/chromedriver] found in cache</msg>
<msg timestamp="20200928 15:43:15.056" level="INFO">False</msg>
<status status="PASS" starttime="20200928 15:42:51.178" endtime="20200928 15:43:15.056"></status>
</kw>
<status status="PASS" starttime="20200928 15:42:51.177" endtime="20200928 15:43:15.056"></status>
</kw>
<status status="PASS" starttime="20200928 15:42:51.176" endtime="20200928 15:43:15.057" critical="yes"></status>
</test>
<status status="PASS" starttime="20200928 15:42:26.896" endtime="20200928 15:43:15.058"></status>
</suite>
<statistics>
<total>
<stat pass="2" fail="0">Critical Tests</stat>
<stat pass="2" fail="0">All Tests</stat>
</total>
<tag>
</tag>
<suite>
<stat pass="2" fail="0" id="s1" name="Comparator Data Driven">Comparator Data Driven</stat>
</suite>
</statistics>
<errors>
</errors>
</robot>
